<?xml version="1.0" encoding="UTF-8"?>
<!-- Generated by org.testng.reporters.JUnitXMLReporter -->
<testsuite ignored="0" hostname="CoderGirl" failures="0" tests="4" name="Default test" time="7.732" errors="0" timestamp="2024-04-17T13:55:56 CDT">
  <testcase classname="api.test.UserTestCases" name="testPostUser" time="5.685"/>
  <testcase classname="api.test.UserTestCases" name="testGetUserByName" time="0.306"/>
  <testcase classname="api.test.UserTestCases" name="testUpdateUserByname" time="0.532"/>
  <testcase classname="api.test.UserTestCases" name="testDeleteUserByName" time="0.253"/>
</testsuite> <!-- Default test -->
