<?xml version="1.0" encoding="UTF-8"?>
<!-- Generated by org.testng.reporters.JUnitXMLReporter -->
<testsuite ignored="0" hostname="CoderGirl" failures="0" tests="14" name="Default test" time="17.741" errors="0" timestamp="2024-04-25T10:05:15 CDT">
  <testcase classname="api.test.DDTestCases1" name="testPostUser" time="5.991"/>
  <testcase classname="api.test.DDTestCases1" name="testPostUser" time="0.369"/>
  <testcase classname="api.test.DDTestCases1" name="testPostUser" time="0.325"/>
  <testcase classname="api.test.DDTestCases1" name="testPostUser" time="0.27"/>
  <testcase classname="api.test.DDTestCases1" name="testPostUser" time="0.274"/>
  <testcase classname="api.test.DDTestCases1" name="testPostUser" time="0.276"/>
  <testcase classname="api.test.DDTestCases1" name="testPostUser" time="0.241"/>
  <testcase classname="api.test.DDTestCases1" name="testdeleteUserByName" time="0.297"/>
  <testcase classname="api.test.DDTestCases1" name="testdeleteUserByName" time="0.219"/>
  <testcase classname="api.test.DDTestCases1" name="testdeleteUserByName" time="0.265"/>
  <testcase classname="api.test.DDTestCases1" name="testdeleteUserByName" time="0.246"/>
  <testcase classname="api.test.DDTestCases1" name="testdeleteUserByName" time="0.255"/>
  <testcase classname="api.test.DDTestCases1" name="testdeleteUserByName" time="0.248"/>
  <testcase classname="api.test.DDTestCases1" name="testdeleteUserByName" time="0.27"/>
</testsuite> <!-- Default test -->
