<?xml version="1.0" encoding="UTF-8"?>
<testng-results ignored="0" total="36" passed="36" failed="0" skipped="0">
  <reporter-output>
  </reporter-output>
  <suite started-at="2024-04-25T11:25:15 CDT" name="PetSuite" finished-at="2024-04-25T11:26:01 CDT" duration-ms="46011">
    <groups>
    </groups>
    <test started-at="2024-04-25T11:25:15 CDT" name="PetTest" finished-at="2024-04-25T11:26:01 CDT" duration-ms="46011">
      <class name="api.test.DDtests">
        <test-method signature="testPostUser(java.lang.String,java.lang.String,java.lang.String,java.lang.String,java.lang.String,java.lang.String,java.lang.String)[pri:1, instance:api.test.DDtests@2e005c4b]" started-at="2024-04-25T11:25:55 CDT" name="testPostUser" data-provider="Data" finished-at="2024-04-25T11:25:55 CDT" duration-ms="320" status="PASS">
          <params>
            <param index="0">
              <value>
                <![CDATA[1001]]>
              </value>
            </param>
            <param index="1">
              <value>
                <![CDATA[rishov0514]]>
              </value>
            </param>
            <param index="2">
              <value>
                <![CDATA[Tonny]]>
              </value>
            </param>
            <param index="3">
              <value>
                <![CDATA[Shovik]]>
              </value>
            </param>
            <param index="4">
              <value>
                <![CDATA[rdijsns@yahoo.com]]>
              </value>
            </param>
            <param index="5">
              <value>
                <![CDATA[yrtrs588763258]]>
              </value>
            </param>
            <param index="6">
              <value>
                <![CDATA[636-547-8953]]>
              </value>
            </param>
          </params>
          <reporter-output>
          </reporter-output>
        </test-method> <!-- testPostUser -->
        <test-method signature="testPostUser(java.lang.String,java.lang.String,java.lang.String,java.lang.String,java.lang.String,java.lang.String,java.lang.String)[pri:1, instance:api.test.DDtests@2e005c4b]" started-at="2024-04-25T11:25:55 CDT" name="testPostUser" data-provider="Data" finished-at="2024-04-25T11:25:55 CDT" duration-ms="273" status="PASS">
          <params>
            <param index="0">
              <value>
                <![CDATA[1002]]>
              </value>
            </param>
            <param index="1">
              <value>
                <![CDATA[rtyhov0515]]>
              </value>
            </param>
            <param index="2">
              <value>
                <![CDATA[Tammey]]>
              </value>
            </param>
            <param index="3">
              <value>
                <![CDATA[Kimberly]]>
              </value>
            </param>
            <param index="4">
              <value>
                <![CDATA[rdijsns@yahoo.com]]>
              </value>
            </param>
            <param index="5">
              <value>
                <![CDATA[yrtrs588763259]]>
              </value>
            </param>
            <param index="6">
              <value>
                <![CDATA[636-585-2584]]>
              </value>
            </param>
          </params>
          <reporter-output>
          </reporter-output>
        </test-method> <!-- testPostUser -->
        <test-method signature="testPostUser(java.lang.String,java.lang.String,java.lang.String,java.lang.String,java.lang.String,java.lang.String,java.lang.String)[pri:1, instance:api.test.DDtests@2e005c4b]" started-at="2024-04-25T11:25:55 CDT" name="testPostUser" data-provider="Data" finished-at="2024-04-25T11:25:57 CDT" duration-ms="1363" status="PASS">
          <params>
            <param index="0">
              <value>
                <![CDATA[1003]]>
              </value>
            </param>
            <param index="1">
              <value>
                <![CDATA[kiuyov0516]]>
              </value>
            </param>
            <param index="2">
              <value>
                <![CDATA[KiGunhh]]>
              </value>
            </param>
            <param index="3">
              <value>
                <![CDATA[Smith]]>
              </value>
            </param>
            <param index="4">
              <value>
                <![CDATA[rdijsns@yahoo.com]]>
              </value>
            </param>
            <param index="5">
              <value>
                <![CDATA[yrtrs588763260]]>
              </value>
            </param>
            <param index="6">
              <value>
                <![CDATA[636-547-1489]]>
              </value>
            </param>
          </params>
          <reporter-output>
          </reporter-output>
        </test-method> <!-- testPostUser -->
        <test-method signature="testPostUser(java.lang.String,java.lang.String,java.lang.String,java.lang.String,java.lang.String,java.lang.String,java.lang.String)[pri:1, instance:api.test.DDtests@2e005c4b]" started-at="2024-04-25T11:25:57 CDT" name="testPostUser" data-provider="Data" finished-at="2024-04-25T11:25:57 CDT" duration-ms="257" status="PASS">
          <params>
            <param index="0">
              <value>
                <![CDATA[1004]]>
              </value>
            </param>
            <param index="1">
              <value>
                <![CDATA[rishov0517]]>
              </value>
            </param>
            <param index="2">
              <value>
                <![CDATA[Tonny]]>
              </value>
            </param>
            <param index="3">
              <value>
                <![CDATA[Paul]]>
              </value>
            </param>
            <param index="4">
              <value>
                <![CDATA[rdijsns@yahoo.com]]>
              </value>
            </param>
            <param index="5">
              <value>
                <![CDATA[yrtrs588763261]]>
              </value>
            </param>
            <param index="6">
              <value>
                <![CDATA[636-589-8956]]>
              </value>
            </param>
          </params>
          <reporter-output>
          </reporter-output>
        </test-method> <!-- testPostUser -->
        <test-method signature="testPostUser(java.lang.String,java.lang.String,java.lang.String,java.lang.String,java.lang.String,java.lang.String,java.lang.String)[pri:1, instance:api.test.DDtests@2e005c4b]" started-at="2024-04-25T11:25:57 CDT" name="testPostUser" data-provider="Data" finished-at="2024-04-25T11:25:58 CDT" duration-ms="529" status="PASS">
          <params>
            <param index="0">
              <value>
                <![CDATA[1005]]>
              </value>
            </param>
            <param index="1">
              <value>
                <![CDATA[bhgtv0518]]>
              </value>
            </param>
            <param index="2">
              <value>
                <![CDATA[Tonny]]>
              </value>
            </param>
            <param index="3">
              <value>
                <![CDATA[Larkin]]>
              </value>
            </param>
            <param index="4">
              <value>
                <![CDATA[rdijsns@yahoo.com]]>
              </value>
            </param>
            <param index="5">
              <value>
                <![CDATA[yrtrs588763262]]>
              </value>
            </param>
            <param index="6">
              <value>
                <![CDATA[636-014-8921]]>
              </value>
            </param>
          </params>
          <reporter-output>
          </reporter-output>
        </test-method> <!-- testPostUser -->
        <test-method signature="testPostUser(java.lang.String,java.lang.String,java.lang.String,java.lang.String,java.lang.String,java.lang.String,java.lang.String)[pri:1, instance:api.test.DDtests@2e005c4b]" started-at="2024-04-25T11:25:58 CDT" name="testPostUser" data-provider="Data" finished-at="2024-04-25T11:25:58 CDT" duration-ms="252" status="PASS">
          <params>
            <param index="0">
              <value>
                <![CDATA[1006]]>
              </value>
            </param>
            <param index="1">
              <value>
                <![CDATA[lkkuy0519]]>
              </value>
            </param>
            <param index="2">
              <value>
                <![CDATA[Tonny]]>
              </value>
            </param>
            <param index="3">
              <value>
                <![CDATA[Khan]]>
              </value>
            </param>
            <param index="4">
              <value>
                <![CDATA[rdijsns@yahoo.com]]>
              </value>
            </param>
            <param index="5">
              <value>
                <![CDATA[yrtrs588763263]]>
              </value>
            </param>
            <param index="6">
              <value>
                <![CDATA[636-547-8958]]>
              </value>
            </param>
          </params>
          <reporter-output>
          </reporter-output>
        </test-method> <!-- testPostUser -->
        <test-method signature="testPostUser(java.lang.String,java.lang.String,java.lang.String,java.lang.String,java.lang.String,java.lang.String,java.lang.String)[pri:1, instance:api.test.DDtests@2e005c4b]" started-at="2024-04-25T11:25:58 CDT" name="testPostUser" data-provider="Data" finished-at="2024-04-25T11:25:58 CDT" duration-ms="251" status="PASS">
          <params>
            <param index="0">
              <value>
                <![CDATA[1007]]>
              </value>
            </param>
            <param index="1">
              <value>
                <![CDATA[aqwd0520]]>
              </value>
            </param>
            <param index="2">
              <value>
                <![CDATA[Tonny]]>
              </value>
            </param>
            <param index="3">
              <value>
                <![CDATA[Mia]]>
              </value>
            </param>
            <param index="4">
              <value>
                <![CDATA[rdijsns@yahoo.com]]>
              </value>
            </param>
            <param index="5">
              <value>
                <![CDATA[yrtrs588763264]]>
              </value>
            </param>
            <param index="6">
              <value>
                <![CDATA[636-547-8959]]>
              </value>
            </param>
          </params>
          <reporter-output>
          </reporter-output>
        </test-method> <!-- testPostUser -->
        <test-method signature="testdeleteUserByName(java.lang.String)[pri:2, instance:api.test.DDtests@2e005c4b]" started-at="2024-04-25T11:25:59 CDT" name="testdeleteUserByName" data-provider="UserNames" finished-at="2024-04-25T11:26:00 CDT" duration-ms="554" status="PASS">
          <params>
            <param index="0">
              <value>
                <![CDATA[rishov0514]]>
              </value>
            </param>
          </params>
          <reporter-output>
          </reporter-output>
        </test-method> <!-- testdeleteUserByName -->
        <test-method signature="testdeleteUserByName(java.lang.String)[pri:2, instance:api.test.DDtests@2e005c4b]" started-at="2024-04-25T11:26:00 CDT" name="testdeleteUserByName" data-provider="UserNames" finished-at="2024-04-25T11:26:00 CDT" duration-ms="243" status="PASS">
          <params>
            <param index="0">
              <value>
                <![CDATA[rtyhov0515]]>
              </value>
            </param>
          </params>
          <reporter-output>
          </reporter-output>
        </test-method> <!-- testdeleteUserByName -->
        <test-method signature="testdeleteUserByName(java.lang.String)[pri:2, instance:api.test.DDtests@2e005c4b]" started-at="2024-04-25T11:26:00 CDT" name="testdeleteUserByName" data-provider="UserNames" finished-at="2024-04-25T11:26:00 CDT" duration-ms="288" status="PASS">
          <params>
            <param index="0">
              <value>
                <![CDATA[kiuyov0516]]>
              </value>
            </param>
          </params>
          <reporter-output>
          </reporter-output>
        </test-method> <!-- testdeleteUserByName -->
        <test-method signature="testdeleteUserByName(java.lang.String)[pri:2, instance:api.test.DDtests@2e005c4b]" started-at="2024-04-25T11:26:00 CDT" name="testdeleteUserByName" data-provider="UserNames" finished-at="2024-04-25T11:26:01 CDT" duration-ms="341" status="PASS">
          <params>
            <param index="0">
              <value>
                <![CDATA[rishov0517]]>
              </value>
            </param>
          </params>
          <reporter-output>
          </reporter-output>
        </test-method> <!-- testdeleteUserByName -->
        <test-method signature="testdeleteUserByName(java.lang.String)[pri:2, instance:api.test.DDtests@2e005c4b]" started-at="2024-04-25T11:26:01 CDT" name="testdeleteUserByName" data-provider="UserNames" finished-at="2024-04-25T11:26:01 CDT" duration-ms="256" status="PASS">
          <params>
            <param index="0">
              <value>
                <![CDATA[bhgtv0518]]>
              </value>
            </param>
          </params>
          <reporter-output>
          </reporter-output>
        </test-method> <!-- testdeleteUserByName -->
        <test-method signature="testdeleteUserByName(java.lang.String)[pri:2, instance:api.test.DDtests@2e005c4b]" started-at="2024-04-25T11:26:01 CDT" name="testdeleteUserByName" data-provider="UserNames" finished-at="2024-04-25T11:26:01 CDT" duration-ms="233" status="PASS">
          <params>
            <param index="0">
              <value>
                <![CDATA[lkkuy0519]]>
              </value>
            </param>
          </params>
          <reporter-output>
          </reporter-output>
        </test-method> <!-- testdeleteUserByName -->
        <test-method signature="testdeleteUserByName(java.lang.String)[pri:2, instance:api.test.DDtests@2e005c4b]" started-at="2024-04-25T11:26:01 CDT" name="testdeleteUserByName" data-provider="UserNames" finished-at="2024-04-25T11:26:01 CDT" duration-ms="319" status="PASS">
          <params>
            <param index="0">
              <value>
                <![CDATA[aqwd0520]]>
              </value>
            </param>
          </params>
          <reporter-output>
          </reporter-output>
        </test-method> <!-- testdeleteUserByName -->
      </class> <!-- api.test.DDtests -->
      <class name="api.test.UserTestCases1">
        <test-method is-config="true" signature="setUpData()[pri:0, instance:api.test.UserTestCases1@44ebcd03]" started-at="2024-04-25T11:25:31 CDT" name="setUpData" finished-at="2024-04-25T11:25:32 CDT" duration-ms="184" status="PASS">
          <reporter-output>
          </reporter-output>
        </test-method> <!-- setUpData -->
        <test-method signature="testPostUser()[pri:1, instance:api.test.UserTestCases1@44ebcd03]" started-at="2024-04-25T11:25:32 CDT" name="testPostUser" finished-at="2024-04-25T11:25:32 CDT" duration-ms="425" status="PASS">
          <reporter-output>
          </reporter-output>
        </test-method> <!-- testPostUser -->
        <test-method signature="testGetUserByName()[pri:2, instance:api.test.UserTestCases1@44ebcd03]" started-at="2024-04-25T11:25:32 CDT" name="testGetUserByName" finished-at="2024-04-25T11:25:32 CDT" duration-ms="338" status="PASS">
          <reporter-output>
          </reporter-output>
        </test-method> <!-- testGetUserByName -->
        <test-method signature="testUpdateUserByname()[pri:3, instance:api.test.UserTestCases1@44ebcd03]" started-at="2024-04-25T11:25:32 CDT" name="testUpdateUserByname" finished-at="2024-04-25T11:25:33 CDT" duration-ms="628" status="PASS">
          <reporter-output>
          </reporter-output>
        </test-method> <!-- testUpdateUserByname -->
        <test-method signature="testDeleteUserByName()[pri:4, instance:api.test.UserTestCases1@44ebcd03]" started-at="2024-04-25T11:25:33 CDT" name="testDeleteUserByName" finished-at="2024-04-25T11:25:33 CDT" duration-ms="355" status="PASS">
          <reporter-output>
          </reporter-output>
        </test-method> <!-- testDeleteUserByName -->
      </class> <!-- api.test.UserTestCases1 -->
      <class name="api.test.DDTestCases1">
        <test-method signature="testPostUser(java.lang.String,java.lang.String,java.lang.String,java.lang.String,java.lang.String,java.lang.String,java.lang.String)[pri:1, instance:api.test.DDTestCases1@694abbdc]" started-at="2024-04-25T11:25:47 CDT" name="testPostUser" data-provider="Data" finished-at="2024-04-25T11:25:48 CDT" duration-ms="309" status="PASS">
          <params>
            <param index="0">
              <value>
                <![CDATA[1001]]>
              </value>
            </param>
            <param index="1">
              <value>
                <![CDATA[rishov0514]]>
              </value>
            </param>
            <param index="2">
              <value>
                <![CDATA[Tonny]]>
              </value>
            </param>
            <param index="3">
              <value>
                <![CDATA[Shovik]]>
              </value>
            </param>
            <param index="4">
              <value>
                <![CDATA[rdijsns@yahoo.com]]>
              </value>
            </param>
            <param index="5">
              <value>
                <![CDATA[yrtrs588763258]]>
              </value>
            </param>
            <param index="6">
              <value>
                <![CDATA[636-547-8953]]>
              </value>
            </param>
          </params>
          <reporter-output>
          </reporter-output>
        </test-method> <!-- testPostUser -->
        <test-method signature="testPostUser(java.lang.String,java.lang.String,java.lang.String,java.lang.String,java.lang.String,java.lang.String,java.lang.String)[pri:1, instance:api.test.DDTestCases1@694abbdc]" started-at="2024-04-25T11:25:48 CDT" name="testPostUser" data-provider="Data" finished-at="2024-04-25T11:25:48 CDT" duration-ms="290" status="PASS">
          <params>
            <param index="0">
              <value>
                <![CDATA[1002]]>
              </value>
            </param>
            <param index="1">
              <value>
                <![CDATA[rtyhov0515]]>
              </value>
            </param>
            <param index="2">
              <value>
                <![CDATA[Tammey]]>
              </value>
            </param>
            <param index="3">
              <value>
                <![CDATA[Kimberly]]>
              </value>
            </param>
            <param index="4">
              <value>
                <![CDATA[rdijsns@yahoo.com]]>
              </value>
            </param>
            <param index="5">
              <value>
                <![CDATA[yrtrs588763259]]>
              </value>
            </param>
            <param index="6">
              <value>
                <![CDATA[636-585-2584]]>
              </value>
            </param>
          </params>
          <reporter-output>
          </reporter-output>
        </test-method> <!-- testPostUser -->
        <test-method signature="testPostUser(java.lang.String,java.lang.String,java.lang.String,java.lang.String,java.lang.String,java.lang.String,java.lang.String)[pri:1, instance:api.test.DDTestCases1@694abbdc]" started-at="2024-04-25T11:25:48 CDT" name="testPostUser" data-provider="Data" finished-at="2024-04-25T11:25:48 CDT" duration-ms="305" status="PASS">
          <params>
            <param index="0">
              <value>
                <![CDATA[1003]]>
              </value>
            </param>
            <param index="1">
              <value>
                <![CDATA[kiuyov0516]]>
              </value>
            </param>
            <param index="2">
              <value>
                <![CDATA[KiGunhh]]>
              </value>
            </param>
            <param index="3">
              <value>
                <![CDATA[Smith]]>
              </value>
            </param>
            <param index="4">
              <value>
                <![CDATA[rdijsns@yahoo.com]]>
              </value>
            </param>
            <param index="5">
              <value>
                <![CDATA[yrtrs588763260]]>
              </value>
            </param>
            <param index="6">
              <value>
                <![CDATA[636-547-1489]]>
              </value>
            </param>
          </params>
          <reporter-output>
          </reporter-output>
        </test-method> <!-- testPostUser -->
        <test-method signature="testPostUser(java.lang.String,java.lang.String,java.lang.String,java.lang.String,java.lang.String,java.lang.String,java.lang.String)[pri:1, instance:api.test.DDTestCases1@694abbdc]" started-at="2024-04-25T11:25:48 CDT" name="testPostUser" data-provider="Data" finished-at="2024-04-25T11:25:48 CDT" duration-ms="356" status="PASS">
          <params>
            <param index="0">
              <value>
                <![CDATA[1004]]>
              </value>
            </param>
            <param index="1">
              <value>
                <![CDATA[rishov0517]]>
              </value>
            </param>
            <param index="2">
              <value>
                <![CDATA[Tonny]]>
              </value>
            </param>
            <param index="3">
              <value>
                <![CDATA[Paul]]>
              </value>
            </param>
            <param index="4">
              <value>
                <![CDATA[rdijsns@yahoo.com]]>
              </value>
            </param>
            <param index="5">
              <value>
                <![CDATA[yrtrs588763261]]>
              </value>
            </param>
            <param index="6">
              <value>
                <![CDATA[636-589-8956]]>
              </value>
            </param>
          </params>
          <reporter-output>
          </reporter-output>
        </test-method> <!-- testPostUser -->
        <test-method signature="testPostUser(java.lang.String,java.lang.String,java.lang.String,java.lang.String,java.lang.String,java.lang.String,java.lang.String)[pri:1, instance:api.test.DDTestCases1@694abbdc]" started-at="2024-04-25T11:25:48 CDT" name="testPostUser" data-provider="Data" finished-at="2024-04-25T11:25:49 CDT" duration-ms="253" status="PASS">
          <params>
            <param index="0">
              <value>
                <![CDATA[1005]]>
              </value>
            </param>
            <param index="1">
              <value>
                <![CDATA[bhgtv0518]]>
              </value>
            </param>
            <param index="2">
              <value>
                <![CDATA[Tonny]]>
              </value>
            </param>
            <param index="3">
              <value>
                <![CDATA[Larkin]]>
              </value>
            </param>
            <param index="4">
              <value>
                <![CDATA[rdijsns@yahoo.com]]>
              </value>
            </param>
            <param index="5">
              <value>
                <![CDATA[yrtrs588763262]]>
              </value>
            </param>
            <param index="6">
              <value>
                <![CDATA[636-014-8921]]>
              </value>
            </param>
          </params>
          <reporter-output>
          </reporter-output>
        </test-method> <!-- testPostUser -->
        <test-method signature="testPostUser(java.lang.String,java.lang.String,java.lang.String,java.lang.String,java.lang.String,java.lang.String,java.lang.String)[pri:1, instance:api.test.DDTestCases1@694abbdc]" started-at="2024-04-25T11:25:49 CDT" name="testPostUser" data-provider="Data" finished-at="2024-04-25T11:25:49 CDT" duration-ms="330" status="PASS">
          <params>
            <param index="0">
              <value>
                <![CDATA[1006]]>
              </value>
            </param>
            <param index="1">
              <value>
                <![CDATA[lkkuy0519]]>
              </value>
            </param>
            <param index="2">
              <value>
                <![CDATA[Tonny]]>
              </value>
            </param>
            <param index="3">
              <value>
                <![CDATA[Khan]]>
              </value>
            </param>
            <param index="4">
              <value>
                <![CDATA[rdijsns@yahoo.com]]>
              </value>
            </param>
            <param index="5">
              <value>
                <![CDATA[yrtrs588763263]]>
              </value>
            </param>
            <param index="6">
              <value>
                <![CDATA[636-547-8958]]>
              </value>
            </param>
          </params>
          <reporter-output>
          </reporter-output>
        </test-method> <!-- testPostUser -->
        <test-method signature="testPostUser(java.lang.String,java.lang.String,java.lang.String,java.lang.String,java.lang.String,java.lang.String,java.lang.String)[pri:1, instance:api.test.DDTestCases1@694abbdc]" started-at="2024-04-25T11:25:49 CDT" name="testPostUser" data-provider="Data" finished-at="2024-04-25T11:25:49 CDT" duration-ms="255" status="PASS">
          <params>
            <param index="0">
              <value>
                <![CDATA[1007]]>
              </value>
            </param>
            <param index="1">
              <value>
                <![CDATA[aqwd0520]]>
              </value>
            </param>
            <param index="2">
              <value>
                <![CDATA[Tonny]]>
              </value>
            </param>
            <param index="3">
              <value>
                <![CDATA[Mia]]>
              </value>
            </param>
            <param index="4">
              <value>
                <![CDATA[rdijsns@yahoo.com]]>
              </value>
            </param>
            <param index="5">
              <value>
                <![CDATA[yrtrs588763264]]>
              </value>
            </param>
            <param index="6">
              <value>
                <![CDATA[636-547-8959]]>
              </value>
            </param>
          </params>
          <reporter-output>
          </reporter-output>
        </test-method> <!-- testPostUser -->
        <test-method signature="testdeleteUserByName(java.lang.String)[pri:2, instance:api.test.DDTestCases1@694abbdc]" started-at="2024-04-25T11:25:50 CDT" name="testdeleteUserByName" data-provider="UserNames" finished-at="2024-04-25T11:25:50 CDT" duration-ms="255" status="PASS">
          <params>
            <param index="0">
              <value>
                <![CDATA[rishov0514]]>
              </value>
            </param>
          </params>
          <reporter-output>
          </reporter-output>
        </test-method> <!-- testdeleteUserByName -->
        <test-method signature="testdeleteUserByName(java.lang.String)[pri:2, instance:api.test.DDTestCases1@694abbdc]" started-at="2024-04-25T11:25:50 CDT" name="testdeleteUserByName" data-provider="UserNames" finished-at="2024-04-25T11:25:50 CDT" duration-ms="218" status="PASS">
          <params>
            <param index="0">
              <value>
                <![CDATA[rtyhov0515]]>
              </value>
            </param>
          </params>
          <reporter-output>
          </reporter-output>
        </test-method> <!-- testdeleteUserByName -->
        <test-method signature="testdeleteUserByName(java.lang.String)[pri:2, instance:api.test.DDTestCases1@694abbdc]" started-at="2024-04-25T11:25:50 CDT" name="testdeleteUserByName" data-provider="UserNames" finished-at="2024-04-25T11:25:51 CDT" duration-ms="246" status="PASS">
          <params>
            <param index="0">
              <value>
                <![CDATA[kiuyov0516]]>
              </value>
            </param>
          </params>
          <reporter-output>
          </reporter-output>
        </test-method> <!-- testdeleteUserByName -->
        <test-method signature="testdeleteUserByName(java.lang.String)[pri:2, instance:api.test.DDTestCases1@694abbdc]" started-at="2024-04-25T11:25:51 CDT" name="testdeleteUserByName" data-provider="UserNames" finished-at="2024-04-25T11:25:51 CDT" duration-ms="235" status="PASS">
          <params>
            <param index="0">
              <value>
                <![CDATA[rishov0517]]>
              </value>
            </param>
          </params>
          <reporter-output>
          </reporter-output>
        </test-method> <!-- testdeleteUserByName -->
        <test-method signature="testdeleteUserByName(java.lang.String)[pri:2, instance:api.test.DDTestCases1@694abbdc]" started-at="2024-04-25T11:25:51 CDT" name="testdeleteUserByName" data-provider="UserNames" finished-at="2024-04-25T11:25:51 CDT" duration-ms="247" status="PASS">
          <params>
            <param index="0">
              <value>
                <![CDATA[bhgtv0518]]>
              </value>
            </param>
          </params>
          <reporter-output>
          </reporter-output>
        </test-method> <!-- testdeleteUserByName -->
        <test-method signature="testdeleteUserByName(java.lang.String)[pri:2, instance:api.test.DDTestCases1@694abbdc]" started-at="2024-04-25T11:25:51 CDT" name="testdeleteUserByName" data-provider="UserNames" finished-at="2024-04-25T11:25:51 CDT" duration-ms="232" status="PASS">
          <params>
            <param index="0">
              <value>
                <![CDATA[lkkuy0519]]>
              </value>
            </param>
          </params>
          <reporter-output>
          </reporter-output>
        </test-method> <!-- testdeleteUserByName -->
        <test-method signature="testdeleteUserByName(java.lang.String)[pri:2, instance:api.test.DDTestCases1@694abbdc]" started-at="2024-04-25T11:25:51 CDT" name="testdeleteUserByName" data-provider="UserNames" finished-at="2024-04-25T11:25:52 CDT" duration-ms="265" status="PASS">
          <params>
            <param index="0">
              <value>
                <![CDATA[aqwd0520]]>
              </value>
            </param>
          </params>
          <reporter-output>
          </reporter-output>
        </test-method> <!-- testdeleteUserByName -->
      </class> <!-- api.test.DDTestCases1 -->
      <class name="api.test.UserTestCases">
        <test-method is-config="true" signature="setUpData()[pri:0, instance:api.test.UserTestCases@47af7f3d]" started-at="2024-04-25T11:25:16 CDT" name="setUpData" finished-at="2024-04-25T11:25:17 CDT" duration-ms="1223" status="PASS">
          <reporter-output>
          </reporter-output>
        </test-method> <!-- setUpData -->
        <test-method signature="testPostUser()[pri:1, instance:api.test.UserTestCases@47af7f3d]" started-at="2024-04-25T11:25:17 CDT" name="testPostUser" finished-at="2024-04-25T11:25:30 CDT" duration-ms="13106" status="PASS">
          <reporter-output>
          </reporter-output>
        </test-method> <!-- testPostUser -->
        <test-method signature="testGetUserByName()[pri:2, instance:api.test.UserTestCases@47af7f3d]" started-at="2024-04-25T11:25:30 CDT" name="testGetUserByName" finished-at="2024-04-25T11:25:30 CDT" duration-ms="368" status="PASS">
          <reporter-output>
          </reporter-output>
        </test-method> <!-- testGetUserByName -->
        <test-method signature="testUpdateUserByname()[pri:3, instance:api.test.UserTestCases@47af7f3d]" started-at="2024-04-25T11:25:30 CDT" name="testUpdateUserByname" finished-at="2024-04-25T11:25:31 CDT" duration-ms="714" status="PASS">
          <reporter-output>
          </reporter-output>
        </test-method> <!-- testUpdateUserByname -->
        <test-method signature="testDeleteUserByName()[pri:4, instance:api.test.UserTestCases@47af7f3d]" started-at="2024-04-25T11:25:31 CDT" name="testDeleteUserByName" finished-at="2024-04-25T11:25:31 CDT" duration-ms="258" status="PASS">
          <reporter-output>
          </reporter-output>
        </test-method> <!-- testDeleteUserByName -->
      </class> <!-- api.test.UserTestCases -->
    </test> <!-- PetTest -->
  </suite> <!-- PetSuite -->
</testng-results>
