<?xml version="1.0" encoding="UTF-8"?>
<testsuite xmlns:xsi="http://www.w3.org/2001/XMLSchema-instance" xsi:noNamespaceSchemaLocation="https://maven.apache.org/surefire/maven-surefire-plugin/xsd/surefire-test-report-3.0.xsd" version="3.0" name="TestSuite" time="50.082" tests="36" errors="0" skipped="0" failures="0">
  <properties>
[...]
</properties>
  <testcase name="testPostUser" classname="api.test.UserTestCases" time="13.077">
    <system-out><![CDATA[
****************


Length : 16
****************

{
    "code": 200,
    "type": "unknown",
    "message": "2030036700"
}

*******Cookies********



****************

HTTP/1.1 200 OK
Date: Thu, 25 Apr 2024 16:25:31 GMT
Content-Type: application/json
Transfer-Encoding: chunked
Connection: keep-alive
Access-Control-Allow-Origin: *
Access-Control-Allow-Methods: GET, POST, DELETE, PUT
Access-Control-Allow-Headers: Content-Type, api_key, Authorization
Server: Jetty(9.2.9.v20150224)

{
    "code": 200,
    "type": "unknown",
    "message": "2030036700"
}
]]></system-out>
    <system-err><![CDATA[SLF4J: Failed to load class "org.slf4j.impl.StaticLoggerBinder".
SLF4J: Defaulting to no-operation (NOP) logger implementation
SLF4J: See http://www.slf4j.org/codes.html#StaticLoggerBinder for further details.
]]></system-err>
  </testcase>
  <testcase name="testGetUserByName" classname="api.test.UserTestCases" time="0.419">
    <system-out><![CDATA[HTTP/1.1 200 OK
Date: Thu, 25 Apr 2024 16:25:32 GMT
Content-Type: application/json
Transfer-Encoding: chunked
Connection: keep-alive
Access-Control-Allow-Origin: *
Access-Control-Allow-Methods: GET, POST, DELETE, PUT
Access-Control-Allow-Headers: Content-Type, api_key, Authorization
Server: Jetty(9.2.9.v20150224)

{
    "id": 2030036700,
    "username": "jerrold.vonrueden",
    "firstName": "Waldo",
    "lastName": "Wolff",
    "email": "selma.hoeger@example.com",
    "password": "5jbace",
    "phone": "860-769-9652",
    "userStatus": 0
}
]]></system-out>
  </testcase>
  <testcase name="testUpdateUserByname" classname="api.test.UserTestCases" time="0.693">
    <system-out><![CDATA[{
    "code": 200,
    "type": "unknown",
    "message": "2030036700"
}
]]></system-out>
  </testcase>
  <testcase name="testDeleteUserByName" classname="api.test.UserTestCases" time="0.282">
    <system-out><![CDATA[HTTP/1.1 200 OK
Date: Thu, 25 Apr 2024 16:25:33 GMT
Content-Type: application/json
Transfer-Encoding: chunked
Connection: keep-alive
Access-Control-Allow-Origin: *
Access-Control-Allow-Methods: GET, POST, DELETE, PUT
Access-Control-Allow-Headers: Content-Type, api_key, Authorization
Server: Jetty(9.2.9.v20150224)

{
    "code": 200,
    "type": "unknown",
    "message": "jerrold.vonrueden"
}
]]></system-out>
  </testcase>
  <testcase name="testPostUser" classname="api.test.UserTestCases1" time="0.479">
    <system-out><![CDATA[
****************


Length : 16
****************

{
    "code": 200,
    "type": "unknown",
    "message": "1316317287"
}

*******Cookies********



****************

HTTP/1.1 200 OK
Date: Thu, 25 Apr 2024 16:25:34 GMT
Content-Type: application/json
Transfer-Encoding: chunked
Connection: keep-alive
Access-Control-Allow-Origin: *
Access-Control-Allow-Methods: GET, POST, DELETE, PUT
Access-Control-Allow-Headers: Content-Type, api_key, Authorization
Server: Jetty(9.2.9.v20150224)

{
    "code": 200,
    "type": "unknown",
    "message": "1316317287"
}
]]></system-out>
  </testcase>
  <testcase name="testGetUserByName" classname="api.test.UserTestCases1" time="0.607">
    <system-out><![CDATA[HTTP/1.1 200 OK
Date: Thu, 25 Apr 2024 16:25:34 GMT
Content-Type: application/json
Transfer-Encoding: chunked
Connection: keep-alive
Access-Control-Allow-Origin: *
Access-Control-Allow-Methods: GET, POST, DELETE, PUT
Access-Control-Allow-Headers: Content-Type, api_key, Authorization
Server: Jetty(9.2.9.v20150224)

{
    "id": 1316317287,
    "username": "grover.kassulke",
    "firstName": "Brianne",
    "lastName": "Rempel",
    "email": "stephani.kling@example.com",
    "password": "puyk4j1if4",
    "phone": "685-021-4415",
    "userStatus": 0
}
]]></system-out>
  </testcase>
  <testcase name="testUpdateUserByname" classname="api.test.UserTestCases1" time="0.374">
    <system-out><![CDATA[{
    "code": 200,
    "type": "unknown",
    "message": "1316317287"
}
]]></system-out>
  </testcase>
  <testcase name="testDeleteUserByName" classname="api.test.UserTestCases1" time="0.291">
    <system-out><![CDATA[HTTP/1.1 200 OK
Date: Thu, 25 Apr 2024 16:25:35 GMT
Content-Type: application/json
Transfer-Encoding: chunked
Connection: keep-alive
Access-Control-Allow-Origin: *
Access-Control-Allow-Methods: GET, POST, DELETE, PUT
Access-Control-Allow-Headers: Content-Type, api_key, Authorization
Server: Jetty(9.2.9.v20150224)

{
    "code": 200,
    "type": "unknown",
    "message": "grover.kassulke"
}
]]></system-out>
  </testcase>
  <testcase name="testPostUser[1001, rishov0514, Tonny, Shovik, rdijsns@yahoo.com, yrtrs588763258, 636-547-8953](1)" classname="api.test.DDTestCases1" time="0.359">
    <system-out><![CDATA[C:\Users\risho\OneDrive\Desktop\Automation_Testing\PetStoreAPI\testData\UserTestData.xlsx
HTTP/1.1 200 OK
Date: Thu, 25 Apr 2024 16:25:50 GMT
Content-Type: application/json
Transfer-Encoding: chunked
Connection: keep-alive
Access-Control-Allow-Origin: *
Access-Control-Allow-Methods: GET, POST, DELETE, PUT
Access-Control-Allow-Headers: Content-Type, api_key, Authorization
Server: Jetty(9.2.9.v20150224)

{
    "code": 200,
    "type": "unknown",
    "message": "1001"
}
io.restassured.internal.ValidatableResponseImpl@7375ebe7]]></system-out>
    <system-err><![CDATA[ERROR StatusLogger Log4j2 could not find a logging implementation. Please add log4j-core to the classpath. Using SimpleLogger to log to the console...
]]></system-err>
  </testcase>
  <testcase name="testPostUser[1002, rtyhov0515, Tammey, Kimberly, rdijsns@yahoo.com, yrtrs588763259, 636-585-2584](2)" classname="api.test.DDTestCases1" time="0.289">
    <system-out><![CDATA[HTTP/1.1 200 OK
Date: Thu, 25 Apr 2024 16:25:50 GMT
Content-Type: application/json
Transfer-Encoding: chunked
Connection: keep-alive
Access-Control-Allow-Origin: *
Access-Control-Allow-Methods: GET, POST, DELETE, PUT
Access-Control-Allow-Headers: Content-Type, api_key, Authorization
Server: Jetty(9.2.9.v20150224)

{
    "code": 200,
    "type": "unknown",
    "message": "1002"
}
io.restassured.internal.ValidatableResponseImpl@6dd59886]]></system-out>
  </testcase>
  <testcase name="testPostUser[1003, kiuyov0516, KiGunhh, Smith, rdijsns@yahoo.com, yrtrs588763260, 636-547-1489](3)" classname="api.test.DDTestCases1" time="0.323">
    <system-out><![CDATA[HTTP/1.1 200 OK
Date: Thu, 25 Apr 2024 16:25:50 GMT
Content-Type: application/json
Transfer-Encoding: chunked
Connection: keep-alive
Access-Control-Allow-Origin: *
Access-Control-Allow-Methods: GET, POST, DELETE, PUT
Access-Control-Allow-Headers: Content-Type, api_key, Authorization
Server: Jetty(9.2.9.v20150224)

{
    "code": 200,
    "type": "unknown",
    "message": "1003"
}
io.restassured.internal.ValidatableResponseImpl@79fbcef4]]></system-out>
  </testcase>
  <testcase name="testPostUser[1004, rishov0517, Tonny, Paul, rdijsns@yahoo.com, yrtrs588763261, 636-589-8956](4)" classname="api.test.DDTestCases1" time="0.325">
    <system-out><![CDATA[HTTP/1.1 200 OK
Date: Thu, 25 Apr 2024 16:25:51 GMT
Content-Type: application/json
Transfer-Encoding: chunked
Connection: keep-alive
Access-Control-Allow-Origin: *
Access-Control-Allow-Methods: GET, POST, DELETE, PUT
Access-Control-Allow-Headers: Content-Type, api_key, Authorization
Server: Jetty(9.2.9.v20150224)

{
    "code": 200,
    "type": "unknown",
    "message": "1004"
}
io.restassured.internal.ValidatableResponseImpl@57f83dc7]]></system-out>
  </testcase>
  <testcase name="testPostUser[1005, bhgtv0518, Tonny, Larkin, rdijsns@yahoo.com, yrtrs588763262, 636-014-8921](5)" classname="api.test.DDTestCases1" time="0.264">
    <system-out><![CDATA[HTTP/1.1 200 OK
Date: Thu, 25 Apr 2024 16:25:51 GMT
Content-Type: application/json
Transfer-Encoding: chunked
Connection: keep-alive
Access-Control-Allow-Origin: *
Access-Control-Allow-Methods: GET, POST, DELETE, PUT
Access-Control-Allow-Headers: Content-Type, api_key, Authorization
Server: Jetty(9.2.9.v20150224)

{
    "code": 200,
    "type": "unknown",
    "message": "1005"
}
io.restassured.internal.ValidatableResponseImpl@72f91c91]]></system-out>
  </testcase>
  <testcase name="testPostUser[1006, lkkuy0519, Tonny, Khan, rdijsns@yahoo.com, yrtrs588763263, 636-547-8958](6)" classname="api.test.DDTestCases1" time="0.332">
    <system-out><![CDATA[HTTP/1.1 200 OK
Date: Thu, 25 Apr 2024 16:25:51 GMT
Content-Type: application/json
Transfer-Encoding: chunked
Connection: keep-alive
Access-Control-Allow-Origin: *
Access-Control-Allow-Methods: GET, POST, DELETE, PUT
Access-Control-Allow-Headers: Content-Type, api_key, Authorization
Server: Jetty(9.2.9.v20150224)

{
    "code": 200,
    "type": "unknown",
    "message": "1006"
}
io.restassured.internal.ValidatableResponseImpl@555b3ec9]]></system-out>
  </testcase>
  <testcase name="testPostUser[1007, aqwd0520, Tonny, Mia, rdijsns@yahoo.com, yrtrs588763264, 636-547-8959](7)" classname="api.test.DDTestCases1" time="0.347">
    <system-out><![CDATA[HTTP/1.1 200 OK
Date: Thu, 25 Apr 2024 16:25:51 GMT
Content-Type: application/json
Transfer-Encoding: chunked
Connection: keep-alive
Access-Control-Allow-Origin: *
Access-Control-Allow-Methods: GET, POST, DELETE, PUT
Access-Control-Allow-Headers: Content-Type, api_key, Authorization
Server: Jetty(9.2.9.v20150224)

{
    "code": 200,
    "type": "unknown",
    "message": "1007"
}
io.restassured.internal.ValidatableResponseImpl@78a46d7b]]></system-out>
  </testcase>
  <testcase name="testdeleteUserByName[rishov0514](1)" classname="api.test.DDTestCases1" time="0.282"/>
  <testcase name="testdeleteUserByName[rtyhov0515](2)" classname="api.test.DDTestCases1" time="0.196"/>
  <testcase name="testdeleteUserByName[kiuyov0516](3)" classname="api.test.DDTestCases1" time="0.245"/>
  <testcase name="testdeleteUserByName[rishov0517](4)" classname="api.test.DDTestCases1" time="0.246"/>
  <testcase name="testdeleteUserByName[bhgtv0518](5)" classname="api.test.DDTestCases1" time="0.256"/>
  <testcase name="testdeleteUserByName[lkkuy0519](6)" classname="api.test.DDTestCases1" time="0.241"/>
  <testcase name="testdeleteUserByName[aqwd0520](7)" classname="api.test.DDTestCases1" time="0.235"/>
  <testcase name="testPostUser[1001, rishov0514, Tonny, Shovik, rdijsns@yahoo.com, yrtrs588763258, 636-547-8953](1)" classname="api.test.DDtests" time="0.362">
    <system-out><![CDATA[C:\Users\risho\OneDrive\Desktop\Automation_Testing\PetStoreAPI\testData\UserTestData.xlsx
HTTP/1.1 200 OK
Date: Thu, 25 Apr 2024 16:25:57 GMT
Content-Type: application/json
Transfer-Encoding: chunked
Connection: keep-alive
Access-Control-Allow-Origin: *
Access-Control-Allow-Methods: GET, POST, DELETE, PUT
Access-Control-Allow-Headers: Content-Type, api_key, Authorization
Server: Jetty(9.2.9.v20150224)

{
    "code": 200,
    "type": "unknown",
    "message": "1001"
}
io.restassured.internal.ValidatableResponseImpl@4f1072ee]]></system-out>
  </testcase>
  <testcase name="testPostUser[1002, rtyhov0515, Tammey, Kimberly, rdijsns@yahoo.com, yrtrs588763259, 636-585-2584](2)" classname="api.test.DDtests" time="0.262">
    <system-out><![CDATA[HTTP/1.1 200 OK
Date: Thu, 25 Apr 2024 16:25:57 GMT
Content-Type: application/json
Transfer-Encoding: chunked
Connection: keep-alive
Access-Control-Allow-Origin: *
Access-Control-Allow-Methods: GET, POST, DELETE, PUT
Access-Control-Allow-Headers: Content-Type, api_key, Authorization
Server: Jetty(9.2.9.v20150224)

{
    "code": 200,
    "type": "unknown",
    "message": "1002"
}
io.restassured.internal.ValidatableResponseImpl@3129792a]]></system-out>
  </testcase>
  <testcase name="testPostUser[1003, kiuyov0516, KiGunhh, Smith, rdijsns@yahoo.com, yrtrs588763260, 636-547-1489](3)" classname="api.test.DDtests" time="1.383">
    <system-out><![CDATA[HTTP/1.1 200 OK
Date: Thu, 25 Apr 2024 16:25:59 GMT
Content-Type: application/json
Transfer-Encoding: chunked
Connection: keep-alive
Access-Control-Allow-Origin: *
Access-Control-Allow-Methods: GET, POST, DELETE, PUT
Access-Control-Allow-Headers: Content-Type, api_key, Authorization
Server: Jetty(9.2.9.v20150224)

{
    "code": 200,
    "type": "unknown",
    "message": "1003"
}
io.restassured.internal.ValidatableResponseImpl@6da14f7f]]></system-out>
  </testcase>
  <testcase name="testPostUser[1004, rishov0517, Tonny, Paul, rdijsns@yahoo.com, yrtrs588763261, 636-589-8956](4)" classname="api.test.DDtests" time="0.241">
    <system-out><![CDATA[HTTP/1.1 200 OK
Date: Thu, 25 Apr 2024 16:25:59 GMT
Content-Type: application/json
Transfer-Encoding: chunked
Connection: keep-alive
Access-Control-Allow-Origin: *
Access-Control-Allow-Methods: GET, POST, DELETE, PUT
Access-Control-Allow-Headers: Content-Type, api_key, Authorization
Server: Jetty(9.2.9.v20150224)

{
    "code": 200,
    "type": "unknown",
    "message": "1004"
}
io.restassured.internal.ValidatableResponseImpl@bda4cbe]]></system-out>
  </testcase>
  <testcase name="testPostUser[1005, bhgtv0518, Tonny, Larkin, rdijsns@yahoo.com, yrtrs588763262, 636-014-8921](5)" classname="api.test.DDtests" time="0.513">
    <system-out><![CDATA[HTTP/1.1 200 OK
Date: Thu, 25 Apr 2024 16:26:00 GMT
Content-Type: application/json
Transfer-Encoding: chunked
Connection: keep-alive
Access-Control-Allow-Origin: *
Access-Control-Allow-Methods: GET, POST, DELETE, PUT
Access-Control-Allow-Headers: Content-Type, api_key, Authorization
Server: Jetty(9.2.9.v20150224)

{
    "code": 200,
    "type": "unknown",
    "message": "1005"
}
io.restassured.internal.ValidatableResponseImpl@2e0d6270]]></system-out>
  </testcase>
  <testcase name="testPostUser[1006, lkkuy0519, Tonny, Khan, rdijsns@yahoo.com, yrtrs588763263, 636-547-8958](6)" classname="api.test.DDtests" time="0.261">
    <system-out><![CDATA[HTTP/1.1 200 OK
Date: Thu, 25 Apr 2024 16:26:00 GMT
Content-Type: application/json
Transfer-Encoding: chunked
Connection: keep-alive
Access-Control-Allow-Origin: *
Access-Control-Allow-Methods: GET, POST, DELETE, PUT
Access-Control-Allow-Headers: Content-Type, api_key, Authorization
Server: Jetty(9.2.9.v20150224)

{
    "code": 200,
    "type": "unknown",
    "message": "1006"
}
io.restassured.internal.ValidatableResponseImpl@e8ef60b]]></system-out>
  </testcase>
  <testcase name="testPostUser[1007, aqwd0520, Tonny, Mia, rdijsns@yahoo.com, yrtrs588763264, 636-547-8959](7)" classname="api.test.DDtests" time="0.252">
    <system-out><![CDATA[HTTP/1.1 200 OK
Date: Thu, 25 Apr 2024 16:26:00 GMT
Content-Type: application/json
Transfer-Encoding: chunked
Connection: keep-alive
Access-Control-Allow-Origin: *
Access-Control-Allow-Methods: GET, POST, DELETE, PUT
Access-Control-Allow-Headers: Content-Type, api_key, Authorization
Server: Jetty(9.2.9.v20150224)

{
    "code": 200,
    "type": "unknown",
    "message": "1007"
}
io.restassured.internal.ValidatableResponseImpl@80347b2]]></system-out>
  </testcase>
  <testcase name="testdeleteUserByName[rishov0514](1)" classname="api.test.DDtests" time="0.557"/>
  <testcase name="testdeleteUserByName[rtyhov0515](2)" classname="api.test.DDtests" time="0.248"/>
  <testcase name="testdeleteUserByName[kiuyov0516](3)" classname="api.test.DDtests" time="0.316"/>
  <testcase name="testdeleteUserByName[rishov0517](4)" classname="api.test.DDtests" time="0.313"/>
  <testcase name="testdeleteUserByName[bhgtv0518](5)" classname="api.test.DDtests" time="0.262"/>
  <testcase name="testdeleteUserByName[lkkuy0519](6)" classname="api.test.DDtests" time="0.536"/>
  <testcase name="testdeleteUserByName[aqwd0520](7)" classname="api.test.DDtests" time="0.0"/>
</testsuite>