<?xml version="1.0" encoding="UTF-8"?>
<testng-results ignored="0" total="4" passed="4" failed="0" skipped="0">
  <reporter-output>
  </reporter-output>
  <suite started-at="2024-04-17T13:49:30 CDT" name="Default suite" finished-at="2024-04-17T13:49:39 CDT" duration-ms="8662">
    <groups>
    </groups>
    <test started-at="2024-04-17T13:49:30 CDT" name="Default test" finished-at="2024-04-17T13:49:39 CDT" duration-ms="8662">
      <class name="api.test.UserTestCases">
        <test-method is-config="true" signature="setUpData()[pri:0, instance:api.test.UserTestCases@6b2ea799]" started-at="2024-04-17T13:49:30 CDT" name="setUpData" finished-at="2024-04-17T13:49:31 CDT" duration-ms="838" status="PASS">
          <reporter-output>
          </reporter-output>
        </test-method> <!-- setUpData -->
        <test-method signature="testPostUser()[pri:1, instance:api.test.UserTestCases@6b2ea799]" started-at="2024-04-17T13:49:31 CDT" name="testPostUser" finished-at="2024-04-17T13:49:38 CDT" duration-ms="6405" status="PASS">
          <reporter-output>
          </reporter-output>
        </test-method> <!-- testPostUser -->
        <test-method signature="testGetUserByName()[pri:2, instance:api.test.UserTestCases@6b2ea799]" started-at="2024-04-17T13:49:38 CDT" name="testGetUserByName" finished-at="2024-04-17T13:49:38 CDT" duration-ms="339" status="PASS">
          <reporter-output>
          </reporter-output>
        </test-method> <!-- testGetUserByName -->
        <test-method signature="testUpdateUserByname()[pri:3, instance:api.test.UserTestCases@6b2ea799]" started-at="2024-04-17T13:49:38 CDT" name="testUpdateUserByname" finished-at="2024-04-17T13:49:38 CDT" duration-ms="602" status="PASS">
          <reporter-output>
          </reporter-output>
        </test-method> <!-- testUpdateUserByname -->
        <test-method signature="testDeleteUserByName()[pri:4, instance:api.test.UserTestCases@6b2ea799]" started-at="2024-04-17T13:49:39 CDT" name="testDeleteUserByName" finished-at="2024-04-17T13:49:39 CDT" duration-ms="266" status="PASS">
          <reporter-output>
          </reporter-output>
        </test-method> <!-- testDeleteUserByName -->
      </class> <!-- api.test.UserTestCases -->
    </test> <!-- Default test -->
  </suite> <!-- Default suite -->
</testng-results>
