<?xml version="1.0" encoding="UTF-8"?>
<testng-results ignored="0" total="36" passed="36" failed="0" skipped="0">
  <reporter-output>
  </reporter-output>
  <suite started-at="2024-04-25T10:17:33 CDT" name="PetSuite" finished-at="2024-04-25T10:18:01 CDT" duration-ms="28175">
    <groups>
    </groups>
    <test started-at="2024-04-25T10:17:33 CDT" name="PetTest" finished-at="2024-04-25T10:18:01 CDT" duration-ms="28175">
      <class name="api.test.DDtests">
        <test-method signature="testPostUser(java.lang.String,java.lang.String,java.lang.String,java.lang.String,java.lang.String,java.lang.String,java.lang.String)[pri:1, instance:api.test.DDtests@75d4a5c2]" started-at="2024-04-25T10:17:56 CDT" name="testPostUser" data-provider="Data" finished-at="2024-04-25T10:17:57 CDT" duration-ms="554" status="PASS">
          <params>
            <param index="0">
              <value>
                <![CDATA[1001]]>
              </value>
            </param>
            <param index="1">
              <value>
                <![CDATA[rishov0514]]>
              </value>
            </param>
            <param index="2">
              <value>
                <![CDATA[Tonny]]>
              </value>
            </param>
            <param index="3">
              <value>
                <![CDATA[Shovik]]>
              </value>
            </param>
            <param index="4">
              <value>
                <![CDATA[rdijsns@yahoo.com]]>
              </value>
            </param>
            <param index="5">
              <value>
                <![CDATA[yrtrs588763258]]>
              </value>
            </param>
            <param index="6">
              <value>
                <![CDATA[636-547-8953]]>
              </value>
            </param>
          </params>
          <reporter-output>
          </reporter-output>
        </test-method> <!-- testPostUser -->
        <test-method signature="testPostUser(java.lang.String,java.lang.String,java.lang.String,java.lang.String,java.lang.String,java.lang.String,java.lang.String)[pri:1, instance:api.test.DDtests@75d4a5c2]" started-at="2024-04-25T10:17:57 CDT" name="testPostUser" data-provider="Data" finished-at="2024-04-25T10:17:57 CDT" duration-ms="383" status="PASS">
          <params>
            <param index="0">
              <value>
                <![CDATA[1002]]>
              </value>
            </param>
            <param index="1">
              <value>
                <![CDATA[rtyhov0515]]>
              </value>
            </param>
            <param index="2">
              <value>
                <![CDATA[Tammey]]>
              </value>
            </param>
            <param index="3">
              <value>
                <![CDATA[Kimberly]]>
              </value>
            </param>
            <param index="4">
              <value>
                <![CDATA[rdijsns@yahoo.com]]>
              </value>
            </param>
            <param index="5">
              <value>
                <![CDATA[yrtrs588763259]]>
              </value>
            </param>
            <param index="6">
              <value>
                <![CDATA[636-585-2584]]>
              </value>
            </param>
          </params>
          <reporter-output>
          </reporter-output>
        </test-method> <!-- testPostUser -->
        <test-method signature="testPostUser(java.lang.String,java.lang.String,java.lang.String,java.lang.String,java.lang.String,java.lang.String,java.lang.String)[pri:1, instance:api.test.DDtests@75d4a5c2]" started-at="2024-04-25T10:17:57 CDT" name="testPostUser" data-provider="Data" finished-at="2024-04-25T10:17:58 CDT" duration-ms="365" status="PASS">
          <params>
            <param index="0">
              <value>
                <![CDATA[1003]]>
              </value>
            </param>
            <param index="1">
              <value>
                <![CDATA[kiuyov0516]]>
              </value>
            </param>
            <param index="2">
              <value>
                <![CDATA[KiGunhh]]>
              </value>
            </param>
            <param index="3">
              <value>
                <![CDATA[Smith]]>
              </value>
            </param>
            <param index="4">
              <value>
                <![CDATA[rdijsns@yahoo.com]]>
              </value>
            </param>
            <param index="5">
              <value>
                <![CDATA[yrtrs588763260]]>
              </value>
            </param>
            <param index="6">
              <value>
                <![CDATA[636-547-1489]]>
              </value>
            </param>
          </params>
          <reporter-output>
          </reporter-output>
        </test-method> <!-- testPostUser -->
        <test-method signature="testPostUser(java.lang.String,java.lang.String,java.lang.String,java.lang.String,java.lang.String,java.lang.String,java.lang.String)[pri:1, instance:api.test.DDtests@75d4a5c2]" started-at="2024-04-25T10:17:58 CDT" name="testPostUser" data-provider="Data" finished-at="2024-04-25T10:17:58 CDT" duration-ms="276" status="PASS">
          <params>
            <param index="0">
              <value>
                <![CDATA[1004]]>
              </value>
            </param>
            <param index="1">
              <value>
                <![CDATA[rishov0517]]>
              </value>
            </param>
            <param index="2">
              <value>
                <![CDATA[Tonny]]>
              </value>
            </param>
            <param index="3">
              <value>
                <![CDATA[Paul]]>
              </value>
            </param>
            <param index="4">
              <value>
                <![CDATA[rdijsns@yahoo.com]]>
              </value>
            </param>
            <param index="5">
              <value>
                <![CDATA[yrtrs588763261]]>
              </value>
            </param>
            <param index="6">
              <value>
                <![CDATA[636-589-8956]]>
              </value>
            </param>
          </params>
          <reporter-output>
          </reporter-output>
        </test-method> <!-- testPostUser -->
        <test-method signature="testPostUser(java.lang.String,java.lang.String,java.lang.String,java.lang.String,java.lang.String,java.lang.String,java.lang.String)[pri:1, instance:api.test.DDtests@75d4a5c2]" started-at="2024-04-25T10:17:58 CDT" name="testPostUser" data-provider="Data" finished-at="2024-04-25T10:17:58 CDT" duration-ms="271" status="PASS">
          <params>
            <param index="0">
              <value>
                <![CDATA[1005]]>
              </value>
            </param>
            <param index="1">
              <value>
                <![CDATA[bhgtv0518]]>
              </value>
            </param>
            <param index="2">
              <value>
                <![CDATA[Tonny]]>
              </value>
            </param>
            <param index="3">
              <value>
                <![CDATA[Larkin]]>
              </value>
            </param>
            <param index="4">
              <value>
                <![CDATA[rdijsns@yahoo.com]]>
              </value>
            </param>
            <param index="5">
              <value>
                <![CDATA[yrtrs588763262]]>
              </value>
            </param>
            <param index="6">
              <value>
                <![CDATA[636-014-8921]]>
              </value>
            </param>
          </params>
          <reporter-output>
          </reporter-output>
        </test-method> <!-- testPostUser -->
        <test-method signature="testPostUser(java.lang.String,java.lang.String,java.lang.String,java.lang.String,java.lang.String,java.lang.String,java.lang.String)[pri:1, instance:api.test.DDtests@75d4a5c2]" started-at="2024-04-25T10:17:58 CDT" name="testPostUser" data-provider="Data" finished-at="2024-04-25T10:17:58 CDT" duration-ms="258" status="PASS">
          <params>
            <param index="0">
              <value>
                <![CDATA[1006]]>
              </value>
            </param>
            <param index="1">
              <value>
                <![CDATA[lkkuy0519]]>
              </value>
            </param>
            <param index="2">
              <value>
                <![CDATA[Tonny]]>
              </value>
            </param>
            <param index="3">
              <value>
                <![CDATA[Khan]]>
              </value>
            </param>
            <param index="4">
              <value>
                <![CDATA[rdijsns@yahoo.com]]>
              </value>
            </param>
            <param index="5">
              <value>
                <![CDATA[yrtrs588763263]]>
              </value>
            </param>
            <param index="6">
              <value>
                <![CDATA[636-547-8958]]>
              </value>
            </param>
          </params>
          <reporter-output>
          </reporter-output>
        </test-method> <!-- testPostUser -->
        <test-method signature="testPostUser(java.lang.String,java.lang.String,java.lang.String,java.lang.String,java.lang.String,java.lang.String,java.lang.String)[pri:1, instance:api.test.DDtests@75d4a5c2]" started-at="2024-04-25T10:17:58 CDT" name="testPostUser" data-provider="Data" finished-at="2024-04-25T10:17:59 CDT" duration-ms="268" status="PASS">
          <params>
            <param index="0">
              <value>
                <![CDATA[1007]]>
              </value>
            </param>
            <param index="1">
              <value>
                <![CDATA[aqwd0520]]>
              </value>
            </param>
            <param index="2">
              <value>
                <![CDATA[Tonny]]>
              </value>
            </param>
            <param index="3">
              <value>
                <![CDATA[Mia]]>
              </value>
            </param>
            <param index="4">
              <value>
                <![CDATA[rdijsns@yahoo.com]]>
              </value>
            </param>
            <param index="5">
              <value>
                <![CDATA[yrtrs588763264]]>
              </value>
            </param>
            <param index="6">
              <value>
                <![CDATA[636-547-8959]]>
              </value>
            </param>
          </params>
          <reporter-output>
          </reporter-output>
        </test-method> <!-- testPostUser -->
        <test-method signature="testdeleteUserByName(java.lang.String)[pri:2, instance:api.test.DDtests@75d4a5c2]" started-at="2024-04-25T10:17:59 CDT" name="testdeleteUserByName" data-provider="UserNames" finished-at="2024-04-25T10:17:59 CDT" duration-ms="239" status="PASS">
          <params>
            <param index="0">
              <value>
                <![CDATA[rishov0514]]>
              </value>
            </param>
          </params>
          <reporter-output>
          </reporter-output>
        </test-method> <!-- testdeleteUserByName -->
        <test-method signature="testdeleteUserByName(java.lang.String)[pri:2, instance:api.test.DDtests@75d4a5c2]" started-at="2024-04-25T10:17:59 CDT" name="testdeleteUserByName" data-provider="UserNames" finished-at="2024-04-25T10:17:59 CDT" duration-ms="260" status="PASS">
          <params>
            <param index="0">
              <value>
                <![CDATA[rtyhov0515]]>
              </value>
            </param>
          </params>
          <reporter-output>
          </reporter-output>
        </test-method> <!-- testdeleteUserByName -->
        <test-method signature="testdeleteUserByName(java.lang.String)[pri:2, instance:api.test.DDtests@75d4a5c2]" started-at="2024-04-25T10:17:59 CDT" name="testdeleteUserByName" data-provider="UserNames" finished-at="2024-04-25T10:18:00 CDT" duration-ms="393" status="PASS">
          <params>
            <param index="0">
              <value>
                <![CDATA[kiuyov0516]]>
              </value>
            </param>
          </params>
          <reporter-output>
          </reporter-output>
        </test-method> <!-- testdeleteUserByName -->
        <test-method signature="testdeleteUserByName(java.lang.String)[pri:2, instance:api.test.DDtests@75d4a5c2]" started-at="2024-04-25T10:18:00 CDT" name="testdeleteUserByName" data-provider="UserNames" finished-at="2024-04-25T10:18:00 CDT" duration-ms="220" status="PASS">
          <params>
            <param index="0">
              <value>
                <![CDATA[rishov0517]]>
              </value>
            </param>
          </params>
          <reporter-output>
          </reporter-output>
        </test-method> <!-- testdeleteUserByName -->
        <test-method signature="testdeleteUserByName(java.lang.String)[pri:2, instance:api.test.DDtests@75d4a5c2]" started-at="2024-04-25T10:18:00 CDT" name="testdeleteUserByName" data-provider="UserNames" finished-at="2024-04-25T10:18:00 CDT" duration-ms="214" status="PASS">
          <params>
            <param index="0">
              <value>
                <![CDATA[bhgtv0518]]>
              </value>
            </param>
          </params>
          <reporter-output>
          </reporter-output>
        </test-method> <!-- testdeleteUserByName -->
        <test-method signature="testdeleteUserByName(java.lang.String)[pri:2, instance:api.test.DDtests@75d4a5c2]" started-at="2024-04-25T10:18:00 CDT" name="testdeleteUserByName" data-provider="UserNames" finished-at="2024-04-25T10:18:01 CDT" duration-ms="254" status="PASS">
          <params>
            <param index="0">
              <value>
                <![CDATA[lkkuy0519]]>
              </value>
            </param>
          </params>
          <reporter-output>
          </reporter-output>
        </test-method> <!-- testdeleteUserByName -->
        <test-method signature="testdeleteUserByName(java.lang.String)[pri:2, instance:api.test.DDtests@75d4a5c2]" started-at="2024-04-25T10:18:01 CDT" name="testdeleteUserByName" data-provider="UserNames" finished-at="2024-04-25T10:18:01 CDT" duration-ms="238" status="PASS">
          <params>
            <param index="0">
              <value>
                <![CDATA[aqwd0520]]>
              </value>
            </param>
          </params>
          <reporter-output>
          </reporter-output>
        </test-method> <!-- testdeleteUserByName -->
      </class> <!-- api.test.DDtests -->
      <class name="api.test.UserTestCases1">
        <test-method is-config="true" signature="setUpData()[pri:0, instance:api.test.UserTestCases1@1d296da]" started-at="2024-04-25T10:17:42 CDT" name="setUpData" finished-at="2024-04-25T10:17:42 CDT" duration-ms="188" status="PASS">
          <reporter-output>
          </reporter-output>
        </test-method> <!-- setUpData -->
        <test-method signature="testPostUser()[pri:1, instance:api.test.UserTestCases1@1d296da]" started-at="2024-04-25T10:17:42 CDT" name="testPostUser" finished-at="2024-04-25T10:17:43 CDT" duration-ms="330" status="PASS">
          <reporter-output>
          </reporter-output>
        </test-method> <!-- testPostUser -->
        <test-method signature="testGetUserByName()[pri:2, instance:api.test.UserTestCases1@1d296da]" started-at="2024-04-25T10:17:43 CDT" name="testGetUserByName" finished-at="2024-04-25T10:17:43 CDT" duration-ms="261" status="PASS">
          <reporter-output>
          </reporter-output>
        </test-method> <!-- testGetUserByName -->
        <test-method signature="testUpdateUserByname()[pri:3, instance:api.test.UserTestCases1@1d296da]" started-at="2024-04-25T10:17:43 CDT" name="testUpdateUserByname" finished-at="2024-04-25T10:17:44 CDT" duration-ms="581" status="PASS">
          <reporter-output>
          </reporter-output>
        </test-method> <!-- testUpdateUserByname -->
        <test-method signature="testDeleteUserByName()[pri:4, instance:api.test.UserTestCases1@1d296da]" started-at="2024-04-25T10:17:44 CDT" name="testDeleteUserByName" finished-at="2024-04-25T10:17:44 CDT" duration-ms="288" status="PASS">
          <reporter-output>
          </reporter-output>
        </test-method> <!-- testDeleteUserByName -->
      </class> <!-- api.test.UserTestCases1 -->
      <class name="api.test.DDTestCases1">
        <test-method signature="testPostUser(java.lang.String,java.lang.String,java.lang.String,java.lang.String,java.lang.String,java.lang.String,java.lang.String)[pri:1, instance:api.test.DDTestCases1@7c7a06ec]" started-at="2024-04-25T10:17:49 CDT" name="testPostUser" data-provider="Data" finished-at="2024-04-25T10:17:49 CDT" duration-ms="277" status="PASS">
          <params>
            <param index="0">
              <value>
                <![CDATA[1001]]>
              </value>
            </param>
            <param index="1">
              <value>
                <![CDATA[rishov0514]]>
              </value>
            </param>
            <param index="2">
              <value>
                <![CDATA[Tonny]]>
              </value>
            </param>
            <param index="3">
              <value>
                <![CDATA[Shovik]]>
              </value>
            </param>
            <param index="4">
              <value>
                <![CDATA[rdijsns@yahoo.com]]>
              </value>
            </param>
            <param index="5">
              <value>
                <![CDATA[yrtrs588763258]]>
              </value>
            </param>
            <param index="6">
              <value>
                <![CDATA[636-547-8953]]>
              </value>
            </param>
          </params>
          <reporter-output>
          </reporter-output>
        </test-method> <!-- testPostUser -->
        <test-method signature="testPostUser(java.lang.String,java.lang.String,java.lang.String,java.lang.String,java.lang.String,java.lang.String,java.lang.String)[pri:1, instance:api.test.DDTestCases1@7c7a06ec]" started-at="2024-04-25T10:17:49 CDT" name="testPostUser" data-provider="Data" finished-at="2024-04-25T10:17:50 CDT" duration-ms="319" status="PASS">
          <params>
            <param index="0">
              <value>
                <![CDATA[1002]]>
              </value>
            </param>
            <param index="1">
              <value>
                <![CDATA[rtyhov0515]]>
              </value>
            </param>
            <param index="2">
              <value>
                <![CDATA[Tammey]]>
              </value>
            </param>
            <param index="3">
              <value>
                <![CDATA[Kimberly]]>
              </value>
            </param>
            <param index="4">
              <value>
                <![CDATA[rdijsns@yahoo.com]]>
              </value>
            </param>
            <param index="5">
              <value>
                <![CDATA[yrtrs588763259]]>
              </value>
            </param>
            <param index="6">
              <value>
                <![CDATA[636-585-2584]]>
              </value>
            </param>
          </params>
          <reporter-output>
          </reporter-output>
        </test-method> <!-- testPostUser -->
        <test-method signature="testPostUser(java.lang.String,java.lang.String,java.lang.String,java.lang.String,java.lang.String,java.lang.String,java.lang.String)[pri:1, instance:api.test.DDTestCases1@7c7a06ec]" started-at="2024-04-25T10:17:50 CDT" name="testPostUser" data-provider="Data" finished-at="2024-04-25T10:17:50 CDT" duration-ms="258" status="PASS">
          <params>
            <param index="0">
              <value>
                <![CDATA[1003]]>
              </value>
            </param>
            <param index="1">
              <value>
                <![CDATA[kiuyov0516]]>
              </value>
            </param>
            <param index="2">
              <value>
                <![CDATA[KiGunhh]]>
              </value>
            </param>
            <param index="3">
              <value>
                <![CDATA[Smith]]>
              </value>
            </param>
            <param index="4">
              <value>
                <![CDATA[rdijsns@yahoo.com]]>
              </value>
            </param>
            <param index="5">
              <value>
                <![CDATA[yrtrs588763260]]>
              </value>
            </param>
            <param index="6">
              <value>
                <![CDATA[636-547-1489]]>
              </value>
            </param>
          </params>
          <reporter-output>
          </reporter-output>
        </test-method> <!-- testPostUser -->
        <test-method signature="testPostUser(java.lang.String,java.lang.String,java.lang.String,java.lang.String,java.lang.String,java.lang.String,java.lang.String)[pri:1, instance:api.test.DDTestCases1@7c7a06ec]" started-at="2024-04-25T10:17:50 CDT" name="testPostUser" data-provider="Data" finished-at="2024-04-25T10:17:50 CDT" duration-ms="279" status="PASS">
          <params>
            <param index="0">
              <value>
                <![CDATA[1004]]>
              </value>
            </param>
            <param index="1">
              <value>
                <![CDATA[rishov0517]]>
              </value>
            </param>
            <param index="2">
              <value>
                <![CDATA[Tonny]]>
              </value>
            </param>
            <param index="3">
              <value>
                <![CDATA[Paul]]>
              </value>
            </param>
            <param index="4">
              <value>
                <![CDATA[rdijsns@yahoo.com]]>
              </value>
            </param>
            <param index="5">
              <value>
                <![CDATA[yrtrs588763261]]>
              </value>
            </param>
            <param index="6">
              <value>
                <![CDATA[636-589-8956]]>
              </value>
            </param>
          </params>
          <reporter-output>
          </reporter-output>
        </test-method> <!-- testPostUser -->
        <test-method signature="testPostUser(java.lang.String,java.lang.String,java.lang.String,java.lang.String,java.lang.String,java.lang.String,java.lang.String)[pri:1, instance:api.test.DDTestCases1@7c7a06ec]" started-at="2024-04-25T10:17:50 CDT" name="testPostUser" data-provider="Data" finished-at="2024-04-25T10:17:51 CDT" duration-ms="269" status="PASS">
          <params>
            <param index="0">
              <value>
                <![CDATA[1005]]>
              </value>
            </param>
            <param index="1">
              <value>
                <![CDATA[bhgtv0518]]>
              </value>
            </param>
            <param index="2">
              <value>
                <![CDATA[Tonny]]>
              </value>
            </param>
            <param index="3">
              <value>
                <![CDATA[Larkin]]>
              </value>
            </param>
            <param index="4">
              <value>
                <![CDATA[rdijsns@yahoo.com]]>
              </value>
            </param>
            <param index="5">
              <value>
                <![CDATA[yrtrs588763262]]>
              </value>
            </param>
            <param index="6">
              <value>
                <![CDATA[636-014-8921]]>
              </value>
            </param>
          </params>
          <reporter-output>
          </reporter-output>
        </test-method> <!-- testPostUser -->
        <test-method signature="testPostUser(java.lang.String,java.lang.String,java.lang.String,java.lang.String,java.lang.String,java.lang.String,java.lang.String)[pri:1, instance:api.test.DDTestCases1@7c7a06ec]" started-at="2024-04-25T10:17:51 CDT" name="testPostUser" data-provider="Data" finished-at="2024-04-25T10:17:51 CDT" duration-ms="311" status="PASS">
          <params>
            <param index="0">
              <value>
                <![CDATA[1006]]>
              </value>
            </param>
            <param index="1">
              <value>
                <![CDATA[lkkuy0519]]>
              </value>
            </param>
            <param index="2">
              <value>
                <![CDATA[Tonny]]>
              </value>
            </param>
            <param index="3">
              <value>
                <![CDATA[Khan]]>
              </value>
            </param>
            <param index="4">
              <value>
                <![CDATA[rdijsns@yahoo.com]]>
              </value>
            </param>
            <param index="5">
              <value>
                <![CDATA[yrtrs588763263]]>
              </value>
            </param>
            <param index="6">
              <value>
                <![CDATA[636-547-8958]]>
              </value>
            </param>
          </params>
          <reporter-output>
          </reporter-output>
        </test-method> <!-- testPostUser -->
        <test-method signature="testPostUser(java.lang.String,java.lang.String,java.lang.String,java.lang.String,java.lang.String,java.lang.String,java.lang.String)[pri:1, instance:api.test.DDTestCases1@7c7a06ec]" started-at="2024-04-25T10:17:51 CDT" name="testPostUser" data-provider="Data" finished-at="2024-04-25T10:17:51 CDT" duration-ms="261" status="PASS">
          <params>
            <param index="0">
              <value>
                <![CDATA[1007]]>
              </value>
            </param>
            <param index="1">
              <value>
                <![CDATA[aqwd0520]]>
              </value>
            </param>
            <param index="2">
              <value>
                <![CDATA[Tonny]]>
              </value>
            </param>
            <param index="3">
              <value>
                <![CDATA[Mia]]>
              </value>
            </param>
            <param index="4">
              <value>
                <![CDATA[rdijsns@yahoo.com]]>
              </value>
            </param>
            <param index="5">
              <value>
                <![CDATA[yrtrs588763264]]>
              </value>
            </param>
            <param index="6">
              <value>
                <![CDATA[636-547-8959]]>
              </value>
            </param>
          </params>
          <reporter-output>
          </reporter-output>
        </test-method> <!-- testPostUser -->
        <test-method signature="testdeleteUserByName(java.lang.String)[pri:2, instance:api.test.DDTestCases1@7c7a06ec]" started-at="2024-04-25T10:17:52 CDT" name="testdeleteUserByName" data-provider="UserNames" finished-at="2024-04-25T10:17:52 CDT" duration-ms="277" status="PASS">
          <params>
            <param index="0">
              <value>
                <![CDATA[rishov0514]]>
              </value>
            </param>
          </params>
          <reporter-output>
          </reporter-output>
        </test-method> <!-- testdeleteUserByName -->
        <test-method signature="testdeleteUserByName(java.lang.String)[pri:2, instance:api.test.DDTestCases1@7c7a06ec]" started-at="2024-04-25T10:17:52 CDT" name="testdeleteUserByName" data-provider="UserNames" finished-at="2024-04-25T10:17:52 CDT" duration-ms="242" status="PASS">
          <params>
            <param index="0">
              <value>
                <![CDATA[rtyhov0515]]>
              </value>
            </param>
          </params>
          <reporter-output>
          </reporter-output>
        </test-method> <!-- testdeleteUserByName -->
        <test-method signature="testdeleteUserByName(java.lang.String)[pri:2, instance:api.test.DDTestCases1@7c7a06ec]" started-at="2024-04-25T10:17:52 CDT" name="testdeleteUserByName" data-provider="UserNames" finished-at="2024-04-25T10:17:52 CDT" duration-ms="219" status="PASS">
          <params>
            <param index="0">
              <value>
                <![CDATA[kiuyov0516]]>
              </value>
            </param>
          </params>
          <reporter-output>
          </reporter-output>
        </test-method> <!-- testdeleteUserByName -->
        <test-method signature="testdeleteUserByName(java.lang.String)[pri:2, instance:api.test.DDTestCases1@7c7a06ec]" started-at="2024-04-25T10:17:52 CDT" name="testdeleteUserByName" data-provider="UserNames" finished-at="2024-04-25T10:17:53 CDT" duration-ms="259" status="PASS">
          <params>
            <param index="0">
              <value>
                <![CDATA[rishov0517]]>
              </value>
            </param>
          </params>
          <reporter-output>
          </reporter-output>
        </test-method> <!-- testdeleteUserByName -->
        <test-method signature="testdeleteUserByName(java.lang.String)[pri:2, instance:api.test.DDTestCases1@7c7a06ec]" started-at="2024-04-25T10:17:53 CDT" name="testdeleteUserByName" data-provider="UserNames" finished-at="2024-04-25T10:17:53 CDT" duration-ms="223" status="PASS">
          <params>
            <param index="0">
              <value>
                <![CDATA[bhgtv0518]]>
              </value>
            </param>
          </params>
          <reporter-output>
          </reporter-output>
        </test-method> <!-- testdeleteUserByName -->
        <test-method signature="testdeleteUserByName(java.lang.String)[pri:2, instance:api.test.DDTestCases1@7c7a06ec]" started-at="2024-04-25T10:17:53 CDT" name="testdeleteUserByName" data-provider="UserNames" finished-at="2024-04-25T10:17:53 CDT" duration-ms="311" status="PASS">
          <params>
            <param index="0">
              <value>
                <![CDATA[lkkuy0519]]>
              </value>
            </param>
          </params>
          <reporter-output>
          </reporter-output>
        </test-method> <!-- testdeleteUserByName -->
        <test-method signature="testdeleteUserByName(java.lang.String)[pri:2, instance:api.test.DDTestCases1@7c7a06ec]" started-at="2024-04-25T10:17:53 CDT" name="testdeleteUserByName" data-provider="UserNames" finished-at="2024-04-25T10:17:54 CDT" duration-ms="480" status="PASS">
          <params>
            <param index="0">
              <value>
                <![CDATA[aqwd0520]]>
              </value>
            </param>
          </params>
          <reporter-output>
          </reporter-output>
        </test-method> <!-- testdeleteUserByName -->
      </class> <!-- api.test.DDTestCases1 -->
      <class name="api.test.UserTestCases">
        <test-method is-config="true" signature="setUpData()[pri:0, instance:api.test.UserTestCases@62379589]" started-at="2024-04-25T10:17:33 CDT" name="setUpData" finished-at="2024-04-25T10:17:33 CDT" duration-ms="749" status="PASS">
          <reporter-output>
          </reporter-output>
        </test-method> <!-- setUpData -->
        <test-method signature="testPostUser()[pri:1, instance:api.test.UserTestCases@62379589]" started-at="2024-04-25T10:17:34 CDT" name="testPostUser" finished-at="2024-04-25T10:17:40 CDT" duration-ms="6621" status="PASS">
          <reporter-output>
          </reporter-output>
        </test-method> <!-- testPostUser -->
        <test-method signature="testGetUserByName()[pri:2, instance:api.test.UserTestCases@62379589]" started-at="2024-04-25T10:17:40 CDT" name="testGetUserByName" finished-at="2024-04-25T10:17:40 CDT" duration-ms="322" status="PASS">
          <reporter-output>
          </reporter-output>
        </test-method> <!-- testGetUserByName -->
        <test-method signature="testUpdateUserByname()[pri:3, instance:api.test.UserTestCases@62379589]" started-at="2024-04-25T10:17:40 CDT" name="testUpdateUserByname" finished-at="2024-04-25T10:17:42 CDT" duration-ms="1349" status="PASS">
          <reporter-output>
          </reporter-output>
        </test-method> <!-- testUpdateUserByname -->
        <test-method signature="testDeleteUserByName()[pri:4, instance:api.test.UserTestCases@62379589]" started-at="2024-04-25T10:17:42 CDT" name="testDeleteUserByName" finished-at="2024-04-25T10:17:42 CDT" duration-ms="274" status="PASS">
          <reporter-output>
          </reporter-output>
        </test-method> <!-- testDeleteUserByName -->
      </class> <!-- api.test.UserTestCases -->
    </test> <!-- PetTest -->
  </suite> <!-- PetSuite -->
</testng-results>
