<?xml version="1.0" encoding="UTF-8"?>
<!-- Generated by org.testng.reporters.JUnitXMLReporter -->
<testsuite ignored="0" hostname="CoderGirl" failures="0" tests="36" name="PetTest" time="46.011" errors="0" timestamp="2024-04-25T11:26:01 CDT">
  <testcase classname="api.test.UserTestCases" name="testPostUser" time="13.106"/>
  <testcase classname="api.test.UserTestCases" name="testGetUserByName" time="0.368"/>
  <testcase classname="api.test.UserTestCases" name="testUpdateUserByname" time="0.714"/>
  <testcase classname="api.test.UserTestCases" name="testDeleteUserByName" time="0.258"/>
  <testcase classname="api.test.UserTestCases1" name="testPostUser" time="0.425"/>
  <testcase classname="api.test.UserTestCases1" name="testGetUserByName" time="0.338"/>
  <testcase classname="api.test.UserTestCases1" name="testUpdateUserByname" time="0.628"/>
  <testcase classname="api.test.UserTestCases1" name="testDeleteUserByName" time="0.355"/>
  <testcase classname="api.test.DDTestCases1" name="testPostUser" time="0.309"/>
  <testcase classname="api.test.DDTestCases1" name="testPostUser" time="0.29"/>
  <testcase classname="api.test.DDTestCases1" name="testPostUser" time="0.305"/>
  <testcase classname="api.test.DDTestCases1" name="testPostUser" time="0.356"/>
  <testcase classname="api.test.DDTestCases1" name="testPostUser" time="0.253"/>
  <testcase classname="api.test.DDTestCases1" name="testPostUser" time="0.33"/>
  <testcase classname="api.test.DDTestCases1" name="testPostUser" time="0.255"/>
  <testcase classname="api.test.DDTestCases1" name="testdeleteUserByName" time="0.255"/>
  <testcase classname="api.test.DDTestCases1" name="testdeleteUserByName" time="0.218"/>
  <testcase classname="api.test.DDTestCases1" name="testdeleteUserByName" time="0.246"/>
  <testcase classname="api.test.DDTestCases1" name="testdeleteUserByName" time="0.235"/>
  <testcase classname="api.test.DDTestCases1" name="testdeleteUserByName" time="0.247"/>
  <testcase classname="api.test.DDTestCases1" name="testdeleteUserByName" time="0.232"/>
  <testcase classname="api.test.DDTestCases1" name="testdeleteUserByName" time="0.265"/>
  <testcase classname="api.test.DDtests" name="testPostUser" time="0.32"/>
  <testcase classname="api.test.DDtests" name="testPostUser" time="0.273"/>
  <testcase classname="api.test.DDtests" name="testPostUser" time="1.363"/>
  <testcase classname="api.test.DDtests" name="testPostUser" time="0.257"/>
  <testcase classname="api.test.DDtests" name="testPostUser" time="0.529"/>
  <testcase classname="api.test.DDtests" name="testPostUser" time="0.252"/>
  <testcase classname="api.test.DDtests" name="testPostUser" time="0.251"/>
  <testcase classname="api.test.DDtests" name="testdeleteUserByName" time="0.554"/>
  <testcase classname="api.test.DDtests" name="testdeleteUserByName" time="0.243"/>
  <testcase classname="api.test.DDtests" name="testdeleteUserByName" time="0.288"/>
  <testcase classname="api.test.DDtests" name="testdeleteUserByName" time="0.341"/>
  <testcase classname="api.test.DDtests" name="testdeleteUserByName" time="0.256"/>
  <testcase classname="api.test.DDtests" name="testdeleteUserByName" time="0.233"/>
  <testcase classname="api.test.DDtests" name="testdeleteUserByName" time="0.319"/>
</testsuite> <!-- PetTest -->
