<?xml version="1.0" encoding="UTF-8"?>
<!-- Generated by org.testng.reporters.JUnitXMLReporter -->
<testsuite ignored="0" hostname="CoderGirl" failures="0" tests="4" name="PetTest" time="24.123" errors="0" timestamp="2024-04-24T13:43:42 CDT">
  <testcase classname="api.test.UserTestCases" name="testPostUser" time="18.48"/>
  <testcase classname="api.test.UserTestCases" name="testGetUserByName" time="0.555"/>
  <testcase classname="api.test.UserTestCases" name="testUpdateUserByname" time="0.636"/>
  <testcase classname="api.test.UserTestCases" name="testDeleteUserByName" time="0.301"/>
</testsuite> <!-- PetTest -->
