<?xml version="1.0" encoding="UTF-8"?>
<!-- Generated by org.testng.reporters.JUnitXMLReporter -->
<testsuite ignored="0" hostname="CoderGirl" failures="0" tests="36" name="PetTest" time="41.401" errors="0" timestamp="2024-05-25T11:55:25 CDT">
  <testcase classname="api.test.UserTestCases" name="testPostUser" time="13.383"/>
  <testcase classname="api.test.UserTestCases" name="testGetUserByName" time="0.367"/>
  <testcase classname="api.test.UserTestCases" name="testUpdateUserByname" time="0.634"/>
  <testcase classname="api.test.UserTestCases" name="testDeleteUserByName" time="0.321"/>
  <testcase classname="api.test.UserTestCases1" name="testPostUser" time="0.422"/>
  <testcase classname="api.test.UserTestCases1" name="testGetUserByName" time="0.418"/>
  <testcase classname="api.test.UserTestCases1" name="testUpdateUserByname" time="0.537"/>
  <testcase classname="api.test.UserTestCases1" name="testDeleteUserByName" time="0.296"/>
  <testcase classname="api.test.DDTestCases1" name="testPostUser" time="0.283"/>
  <testcase classname="api.test.DDTestCases1" name="testPostUser" time="0.303"/>
  <testcase classname="api.test.DDTestCases1" name="testPostUser" time="0.275"/>
  <testcase classname="api.test.DDTestCases1" name="testPostUser" time="0.328"/>
  <testcase classname="api.test.DDTestCases1" name="testPostUser" time="0.35"/>
  <testcase classname="api.test.DDTestCases1" name="testPostUser" time="0.35"/>
  <testcase classname="api.test.DDTestCases1" name="testPostUser" time="0.338"/>
  <testcase classname="api.test.DDTestCases1" name="testdeleteUserByName" time="0.256"/>
  <testcase classname="api.test.DDTestCases1" name="testdeleteUserByName" time="0.251"/>
  <testcase classname="api.test.DDTestCases1" name="testdeleteUserByName" time="0.301"/>
  <testcase classname="api.test.DDTestCases1" name="testdeleteUserByName" time="0.24"/>
  <testcase classname="api.test.DDTestCases1" name="testdeleteUserByName" time="0.276"/>
  <testcase classname="api.test.DDTestCases1" name="testdeleteUserByName" time="0.247"/>
  <testcase classname="api.test.DDTestCases1" name="testdeleteUserByName" time="0.249"/>
  <testcase classname="api.test.DDtests" name="testPostUser" time="0.339"/>
  <testcase classname="api.test.DDtests" name="testPostUser" time="0.341"/>
  <testcase classname="api.test.DDtests" name="testPostUser" time="0.249"/>
  <testcase classname="api.test.DDtests" name="testPostUser" time="0.331"/>
  <testcase classname="api.test.DDtests" name="testPostUser" time="0.403"/>
  <testcase classname="api.test.DDtests" name="testPostUser" time="0.26"/>
  <testcase classname="api.test.DDtests" name="testPostUser" time="0.274"/>
  <testcase classname="api.test.DDtests" name="testdeleteUserByName" time="0.313"/>
  <testcase classname="api.test.DDtests" name="testdeleteUserByName" time="0.331"/>
  <testcase classname="api.test.DDtests" name="testdeleteUserByName" time="0.279"/>
  <testcase classname="api.test.DDtests" name="testdeleteUserByName" time="0.233"/>
  <testcase classname="api.test.DDtests" name="testdeleteUserByName" time="0.219"/>
  <testcase classname="api.test.DDtests" name="testdeleteUserByName" time="0.278"/>
  <testcase classname="api.test.DDtests" name="testdeleteUserByName" time="0.448"/>
</testsuite> <!-- PetTest -->
